<?xml version="1.0" encoding="UTF-8"?>
<testsuite name="com.telran.qa16.tests.ContactDeletionTests" tests="1" skipped="0" failures="0" errors="0" timestamp="2018-08-15T17:39:27" hostname="WIN-7GOOH5DG9FC" time="3.426">
  <properties/>
  <testcase name="testContactDeletion" classname="com.telran.qa16.tests.ContactDeletionTests" time="3.426"/>
  <system-out><![CDATA[]]></system-out>
  <system-err><![CDATA[]]></system-err>
</testsuite>
