<?xml version="1.0" encoding="UTF-8"?>
<testsuite name="com.telran.qa16.tests.GroupModificationTests" tests="1" skipped="0" failures="0" errors="0" timestamp="2018-08-20T17:04:03" hostname="WIN-7GOOH5DG9FC" time="4.019">
  <properties/>
  <testcase name="testGroupModification" classname="com.telran.qa16.tests.GroupModificationTests" time="4.019"/>
  <system-out><![CDATA[20:04:03.252 [Test worker] INFO  com.telran.qa16.tests.TestBase - Start the testGroupModification
[Group id=76, name=, Group id=67, name=C, Group id=69, name=D, Group id=70, name=GroupName, Group id=77, name=GroupName, Group id=78, name=GroupName, Group id=79, name=GroupName, Group id=80, name=GroupName, Group id=81, name=GroupName, Group id=82, name=GroupName, Group id=83, name=GroupName, Group id=84, name=GroupName, Group id=85, name=GroupName, Group id=66, name=modifiedTestGroupName, Group id=71, name=modifiedTestGroupName, Group id=72, name=modifiedTestGroupName]
[Group id=67, name=C, Group id=69, name=D, Group id=70, name=GroupName, Group id=77, name=GroupName, Group id=78, name=GroupName, Group id=79, name=GroupName, Group id=80, name=GroupName, Group id=81, name=GroupName, Group id=82, name=GroupName, Group id=83, name=GroupName, Group id=84, name=GroupName, Group id=85, name=GroupName, Group id=66, name=modifiedTestGroupName, Group id=71, name=modifiedTestGroupName, Group id=72, name=modifiedTestGroupName, Group id=76, name=modifiedTestGroupName]
]]></system-out>
  <system-err><![CDATA[]]></system-err>
</testsuite>
