<?xml version="1.0" encoding="UTF-8"?>
<testsuite name="com.telran.qa16.tests.ContactCreationTests" tests="1" skipped="0" failures="0" errors="0" timestamp="2018-08-20T17:03:37" hostname="WIN-7GOOH5DG9FC" time="3.938">
  <properties/>
  <testcase name="testContactCreation" classname="com.telran.qa16.tests.ContactCreationTests" time="3.938"/>
  <system-out><![CDATA[20:03:37.273 [Test worker] INFO  com.telran.qa16.tests.TestBase - Start the testContactCreation
]]></system-out>
  <system-err><![CDATA[]]></system-err>
</testsuite>
