<?xml version="1.0" encoding="UTF-8"?>
<testsuite name="com.telran.qa16.tests.ContactModificationTests" tests="1" skipped="0" failures="0" errors="0" timestamp="2018-08-15T17:39:30" hostname="WIN-7GOOH5DG9FC" time="1.49">
  <properties/>
  <testcase name="testContactModification" classname="com.telran.qa16.tests.ContactModificationTests" time="1.49"/>
  <system-out><![CDATA[]]></system-out>
  <system-err><![CDATA[]]></system-err>
</testsuite>
